[Jul 30, 2024 10:34:51] com.quantum.system.CPUMonitor run
 	INFO:System CPU Load: 22,41%
[Jul 30, 2024 10:34:51] com.quantum.system.MemoryMonitor run
 	INFO:Total Memory: 124 MB
		Free Memory: 115 MB
		Max Memory: 1944 MB
		Used Memory: 8 MB
[Jul 30, 2024 10:34:52] com.quantum.system.CPUMonitor log
 	INFO:CPU: Intel(R) Core(TM) i7-10510U CPU @ 1.80GHz
[Jul 30, 2024 10:34:52] com.quantum.system.MemoryMonitor run
 	INFO:Total Memory: 124 MB
		Free Memory: 82 MB
		Max Memory: 1944 MB
		Used Memory: 41 MB
[Jul 30, 2024 10:34:52] com.quantum.system.CPUMonitor run
 	INFO:System CPU Load: 22,41%
[Jul 30, 2024 10:34:53] com.quantum.system.MemoryMonitor run
 	INFO:Total Memory: 124 MB
		Free Memory: 82 MB
		Max Memory: 1944 MB
		Used Memory: 41 MB
[Jul 30, 2024 10:34:53] com.quantum.system.CPUMonitor run
 	INFO:System CPU Load: 22,41%
[Jul 30, 2024 10:34:54] com.quantum.system.MemoryMonitor run
 	INFO:Total Memory: 124 MB
		Free Memory: 82 MB
		Max Memory: 1944 MB
		Used Memory: 41 MB
[Jul 30, 2024 10:34:54] com.quantum.system.CPUMonitor run
 	INFO:System CPU Load: 22,41%
[Jul 30, 2024 10:34:55] com.quantum.system.MemoryMonitor run
 	INFO:Total Memory: 124 MB
		Free Memory: 82 MB
		Max Memory: 1944 MB
		Used Memory: 41 MB
[Jul 30, 2024 10:34:55] com.quantum.system.CPUMonitor run
 	INFO:System CPU Load: 22,41%
[Jul 30, 2024 10:34:56] com.quantum.system.MemoryMonitor run
 	INFO:Total Memory: 124 MB
		Free Memory: 82 MB
		Max Memory: 1944 MB
		Used Memory: 41 MB
[Jul 30, 2024 10:34:56] com.quantum.system.CPUMonitor run
 	INFO:System CPU Load: 20,61%
[Jul 30, 2024 10:34:57] com.quantum.system.MemoryMonitor run
 	INFO:Total Memory: 124 MB
		Free Memory: 82 MB
		Max Memory: 1944 MB
		Used Memory: 41 MB
[Jul 30, 2024 10:34:57] com.quantum.system.CPUMonitor run
 	INFO:System CPU Load: 20,61%
[Jul 30, 2024 10:34:58] com.quantum.system.MemoryMonitor run
 	INFO:Total Memory: 124 MB
		Free Memory: 82 MB
		Max Memory: 1944 MB
		Used Memory: 41 MB
[Jul 30, 2024 10:34:58] com.quantum.system.CPUMonitor run
 	INFO:System CPU Load: 20,61%
[Jul 30, 2024 10:34:59] com.quantum.system.MemoryMonitor run
 	INFO:Total Memory: 124 MB
		Free Memory: 82 MB
		Max Memory: 1944 MB
		Used Memory: 41 MB
[Jul 30, 2024 10:34:59] com.quantum.system.CPUMonitor run
 	INFO:System CPU Load: 20,61%
[Jul 30, 2024 10:35:00] com.quantum.system.MemoryMonitor run
 	INFO:Total Memory: 124 MB
		Free Memory: 82 MB
		Max Memory: 1944 MB
		Used Memory: 41 MB
[Jul 30, 2024 10:35:00] com.quantum.system.CPUMonitor run
 	INFO:System CPU Load: 20,61%
[Jul 30, 2024 10:35:01] com.quantum.system.MemoryMonitor run
 	INFO:Total Memory: 124 MB
		Free Memory: 82 MB
		Max Memory: 1944 MB
		Used Memory: 41 MB
[Jul 30, 2024 10:35:01] com.quantum.system.CPUMonitor run
 	INFO:System CPU Load: 19,96%
[Jul 30, 2024 10:35:02] com.quantum.system.MemoryMonitor run
 	INFO:Total Memory: 124 MB
		Free Memory: 82 MB
		Max Memory: 1944 MB
		Used Memory: 41 MB
[Jul 30, 2024 10:35:02] com.quantum.system.CPUMonitor run
 	INFO:System CPU Load: 19,96%
[Jul 30, 2024 10:35:03] com.quantum.system.MemoryMonitor run
 	INFO:Total Memory: 124 MB
		Free Memory: 81 MB
		Max Memory: 1944 MB
		Used Memory: 42 MB
[Jul 30, 2024 10:35:03] com.quantum.system.CPUMonitor run
 	INFO:System CPU Load: 19,96%
[Jul 30, 2024 10:35:04] com.quantum.system.MemoryMonitor run
 	INFO:Total Memory: 124 MB
		Free Memory: 81 MB
		Max Memory: 1944 MB
		Used Memory: 42 MB
[Jul 30, 2024 10:35:04] com.quantum.system.CPUMonitor run
 	INFO:System CPU Load: 19,96%
[Jul 30, 2024 10:35:05] com.quantum.system.MemoryMonitor run
 	INFO:Total Memory: 124 MB
		Free Memory: 81 MB
		Max Memory: 1944 MB
		Used Memory: 42 MB
[Jul 30, 2024 10:35:05] com.quantum.system.CPUMonitor run
 	INFO:System CPU Load: 19,96%
[Jul 30, 2024 10:35:06] com.quantum.system.MemoryMonitor run
 	INFO:Total Memory: 124 MB
		Free Memory: 81 MB
		Max Memory: 1944 MB
		Used Memory: 42 MB
[Jul 30, 2024 10:35:06] com.quantum.system.CPUMonitor run
 	INFO:System CPU Load: 18,36%
[Jul 30, 2024 10:35:07] com.quantum.system.MemoryMonitor run
 	INFO:Total Memory: 124 MB
		Free Memory: 81 MB
		Max Memory: 1944 MB
		Used Memory: 42 MB
[Jul 30, 2024 10:35:07] com.quantum.system.CPUMonitor run
 	INFO:System CPU Load: 18,36%
[Jul 30, 2024 10:35:08] com.quantum.system.MemoryMonitor run
 	INFO:Total Memory: 124 MB
		Free Memory: 81 MB
		Max Memory: 1944 MB
		Used Memory: 42 MB
[Jul 30, 2024 10:35:08] com.quantum.system.CPUMonitor run
 	INFO:System CPU Load: 18,36%
[Jul 30, 2024 10:35:09] com.quantum.system.MemoryMonitor run
 	INFO:Total Memory: 124 MB
		Free Memory: 81 MB
		Max Memory: 1944 MB
		Used Memory: 42 MB
[Jul 30, 2024 10:35:09] com.quantum.system.CPUMonitor run
 	INFO:System CPU Load: 18,36%
[Jul 30, 2024 10:35:10] com.quantum.system.MemoryMonitor run
 	INFO:Total Memory: 124 MB
		Free Memory: 81 MB
		Max Memory: 1944 MB
		Used Memory: 42 MB
[Jul 30, 2024 10:35:10] com.quantum.system.CPUMonitor run
 	INFO:System CPU Load: 18,36%
[Jul 30, 2024 10:35:11] com.quantum.system.MemoryMonitor run
 	INFO:Total Memory: 124 MB
		Free Memory: 81 MB
		Max Memory: 1944 MB
		Used Memory: 42 MB
[Jul 30, 2024 10:35:11] com.quantum.system.CPUMonitor run
 	INFO:System CPU Load: 20,90%
[Jul 30, 2024 10:35:12] com.quantum.system.MemoryMonitor run
 	INFO:Total Memory: 124 MB
		Free Memory: 81 MB
		Max Memory: 1944 MB
		Used Memory: 42 MB
[Jul 30, 2024 10:35:12] com.quantum.system.CPUMonitor run
 	INFO:System CPU Load: 20,90%
[Jul 30, 2024 10:35:13] com.quantum.system.MemoryMonitor run
 	INFO:Total Memory: 124 MB
		Free Memory: 81 MB
		Max Memory: 1944 MB
		Used Memory: 42 MB
[Jul 30, 2024 10:35:13] com.quantum.system.CPUMonitor run
 	INFO:System CPU Load: 20,90%
[Jul 30, 2024 10:35:14] com.quantum.system.MemoryMonitor run
 	INFO:Total Memory: 124 MB
		Free Memory: 81 MB
		Max Memory: 1944 MB
		Used Memory: 42 MB
[Jul 30, 2024 10:35:14] com.quantum.system.CPUMonitor run
 	INFO:System CPU Load: 20,90%
[Jul 30, 2024 10:35:15] com.quantum.system.MemoryMonitor run
 	INFO:Total Memory: 124 MB
		Free Memory: 81 MB
		Max Memory: 1944 MB
		Used Memory: 42 MB
[Jul 30, 2024 10:35:15] com.quantum.system.CPUMonitor run
 	INFO:System CPU Load: 20,90%
[Jul 30, 2024 11:03:35] com.quantum.system.CPUMonitor run
 	INFO:System CPU Load: 16,51%
[Jul 30, 2024 11:03:35] com.quantum.system.MemoryMonitor run
 	INFO:Total Memory: 124 MB
		Free Memory: 115 MB
		Max Memory: 1944 MB
		Used Memory: 8 MB
[Jul 30, 2024 11:03:36] com.quantum.system.CPUMonitor log
 	INFO:CPU: Intel(R) Core(TM) i7-10510U CPU @ 1.80GHz
[Jul 30, 2024 11:03:36] com.quantum.system.CPUMonitor run
 	INFO:System CPU Load: 17,19%
[Jul 30, 2024 11:03:36] com.quantum.system.MemoryMonitor run
 	INFO:Total Memory: 124 MB
		Free Memory: 83 MB
		Max Memory: 1944 MB
		Used Memory: 40 MB
[Jul 30, 2024 11:03:37] com.quantum.system.CPUMonitor run
 	INFO:System CPU Load: 17,19%
[Jul 30, 2024 11:03:37] com.quantum.system.MemoryMonitor run
 	INFO:Total Memory: 124 MB
		Free Memory: 82 MB
		Max Memory: 1944 MB
		Used Memory: 41 MB
[Jul 30, 2024 11:03:38] com.quantum.system.CPUMonitor run
 	INFO:System CPU Load: 17,19%
[Jul 30, 2024 11:03:38] com.quantum.system.MemoryMonitor run
 	INFO:Total Memory: 124 MB
		Free Memory: 82 MB
		Max Memory: 1944 MB
		Used Memory: 41 MB
[Jul 30, 2024 11:03:39] com.quantum.system.CPUMonitor run
 	INFO:System CPU Load: 17,19%
[Jul 30, 2024 11:03:39] com.quantum.system.MemoryMonitor run
 	INFO:Total Memory: 124 MB
		Free Memory: 82 MB
		Max Memory: 1944 MB
		Used Memory: 41 MB
[Jul 30, 2024 11:03:40] com.quantum.system.CPUMonitor run
 	INFO:System CPU Load: 17,19%
[Jul 30, 2024 11:03:40] com.quantum.system.MemoryMonitor run
 	INFO:Total Memory: 124 MB
		Free Memory: 82 MB
		Max Memory: 1944 MB
		Used Memory: 41 MB
[Jul 30, 2024 11:03:41] com.quantum.system.CPUMonitor run
 	INFO:System CPU Load: 15,81%
[Jul 30, 2024 11:03:41] com.quantum.system.MemoryMonitor run
 	INFO:Total Memory: 124 MB
		Free Memory: 82 MB
		Max Memory: 1944 MB
		Used Memory: 41 MB
[Jul 30, 2024 11:03:42] com.quantum.system.CPUMonitor run
 	INFO:System CPU Load: 15,81%
[Jul 30, 2024 11:03:42] com.quantum.system.MemoryMonitor run
 	INFO:Total Memory: 124 MB
		Free Memory: 82 MB
		Max Memory: 1944 MB
		Used Memory: 41 MB
[Jul 30, 2024 11:03:43] com.quantum.system.CPUMonitor run
 	INFO:System CPU Load: 15,81%
[Jul 30, 2024 11:03:43] com.quantum.system.MemoryMonitor run
 	INFO:Total Memory: 124 MB
		Free Memory: 82 MB
		Max Memory: 1944 MB
		Used Memory: 41 MB
[Jul 30, 2024 13:11:36] com.quantum.system.CPUMonitor run
 	INFO:System CPU Load: 19,67%
[Jul 30, 2024 13:11:36] com.quantum.system.MemoryMonitor run
 	INFO:Total Memory: 124 MB
		Free Memory: 115 MB
		Max Memory: 1944 MB
		Used Memory: 8 MB
[Jul 30, 2024 13:11:36] com.quantum.system.CPUMonitor log
 	INFO:CPU: Intel(R) Core(TM) i7-10510U CPU @ 1.80GHz
[Jul 30, 2024 13:40:05] com.quantum.system.CPUMonitor run
 	INFO:System CPU Load: 9,25%
[Jul 30, 2024 13:40:05] com.quantum.system.MemoryMonitor run
 	INFO:Total Memory: 124 MB
		Free Memory: 114 MB
		Max Memory: 1944 MB
		Used Memory: 9 MB
[Jul 30, 2024 13:40:05] com.quantum.system.CPUMonitor log
 	INFO:CPU: Intel(R) Core(TM) i7-10510U CPU @ 1.80GHz
[Jul 30, 2024 13:40:06] com.quantum.system.CPUMonitor run
 	INFO:System CPU Load: 9,25%
[Jul 30, 2024 13:40:06] com.quantum.system.MemoryMonitor run
 	INFO:Total Memory: 124 MB
		Free Memory: 81 MB
		Max Memory: 1944 MB
		Used Memory: 42 MB
[Jul 30, 2024 13:40:07] com.quantum.system.CPUMonitor run
 	INFO:System CPU Load: 9,25%
[Jul 30, 2024 13:40:07] com.quantum.system.MemoryMonitor run
 	INFO:Total Memory: 124 MB
		Free Memory: 80 MB
		Max Memory: 1944 MB
		Used Memory: 43 MB
[Jul 30, 2024 13:40:08] com.quantum.system.CPUMonitor run
 	INFO:System CPU Load: 9,25%
[Jul 30, 2024 13:40:08] com.quantum.system.MemoryMonitor run
 	INFO:Total Memory: 124 MB
		Free Memory: 80 MB
		Max Memory: 1944 MB
		Used Memory: 43 MB
[Jul 30, 2024 13:40:09] com.quantum.system.CPUMonitor run
 	INFO:System CPU Load: 9,25%
[Jul 30, 2024 13:40:09] com.quantum.system.MemoryMonitor run
 	INFO:Total Memory: 124 MB
		Free Memory: 80 MB
		Max Memory: 1944 MB
		Used Memory: 43 MB
[Jul 30, 2024 13:40:10] com.quantum.system.CPUMonitor run
 	INFO:System CPU Load: 8,51%
[Jul 30, 2024 13:40:10] com.quantum.system.MemoryMonitor run
 	INFO:Total Memory: 124 MB
		Free Memory: 80 MB
		Max Memory: 1944 MB
		Used Memory: 43 MB
[Jul 30, 2024 13:40:11] com.quantum.system.CPUMonitor run
 	INFO:System CPU Load: 8,51%
[Jul 30, 2024 13:40:11] com.quantum.system.MemoryMonitor run
 	INFO:Total Memory: 124 MB
		Free Memory: 80 MB
		Max Memory: 1944 MB
		Used Memory: 43 MB
[Jul 30, 2024 13:40:12] com.quantum.system.CPUMonitor run
 	INFO:System CPU Load: 8,51%
[Jul 30, 2024 13:40:12] com.quantum.system.MemoryMonitor run
 	INFO:Total Memory: 124 MB
		Free Memory: 80 MB
		Max Memory: 1944 MB
		Used Memory: 43 MB
[Jul 30, 2024 13:40:13] com.quantum.system.CPUMonitor run
 	INFO:System CPU Load: 8,51%
[Jul 30, 2024 13:40:13] com.quantum.system.MemoryMonitor run
 	INFO:Total Memory: 124 MB
		Free Memory: 80 MB
		Max Memory: 1944 MB
		Used Memory: 43 MB
[Jul 30, 2024 13:40:14] com.quantum.system.CPUMonitor run
 	INFO:System CPU Load: 8,51%
[Jul 30, 2024 13:40:14] com.quantum.system.MemoryMonitor run
 	INFO:Total Memory: 124 MB
		Free Memory: 80 MB
		Max Memory: 1944 MB
		Used Memory: 43 MB
[Jul 30, 2024 13:40:15] com.quantum.system.CPUMonitor run
 	INFO:System CPU Load: 7,82%
[Jul 30, 2024 13:40:15] com.quantum.system.MemoryMonitor run
 	INFO:Total Memory: 124 MB
		Free Memory: 80 MB
		Max Memory: 1944 MB
		Used Memory: 43 MB
[Jul 30, 2024 13:40:15] com.quantum.system.CPUMonitor run
 	INFO:System CPU Load: 7,82%
[Jul 30, 2024 13:40:15] com.quantum.system.MemoryMonitor run
 	INFO:Total Memory: 124 MB
		Free Memory: 80 MB
		Max Memory: 1944 MB
		Used Memory: 43 MB
[Jul 30, 2024 13:40:16] com.quantum.system.CPUMonitor run
 	INFO:System CPU Load: 7,82%
[Jul 30, 2024 13:40:16] com.quantum.system.MemoryMonitor run
 	INFO:Total Memory: 124 MB
		Free Memory: 80 MB
		Max Memory: 1944 MB
		Used Memory: 43 MB
[Jul 30, 2024 13:40:17] com.quantum.system.CPUMonitor run
 	INFO:System CPU Load: 7,82%
[Jul 30, 2024 13:40:17] com.quantum.system.MemoryMonitor run
 	INFO:Total Memory: 124 MB
		Free Memory: 80 MB
		Max Memory: 1944 MB
		Used Memory: 43 MB
[Jul 30, 2024 13:40:18] com.quantum.system.CPUMonitor run
 	INFO:System CPU Load: 7,82%
[Jul 30, 2024 13:40:18] com.quantum.system.MemoryMonitor run
 	INFO:Total Memory: 124 MB
		Free Memory: 80 MB
		Max Memory: 1944 MB
		Used Memory: 43 MB
[Jul 30, 2024 13:40:33] com.quantum.system.CPUMonitor run
 	INFO:System CPU Load: 8,01%
[Jul 30, 2024 13:40:33] com.quantum.system.MemoryMonitor run
 	INFO:Total Memory: 124 MB
		Free Memory: 114 MB
		Max Memory: 1944 MB
		Used Memory: 9 MB
[Jul 30, 2024 13:40:33] com.quantum.system.CPUMonitor log
 	INFO:CPU: Intel(R) Core(TM) i7-10510U CPU @ 1.80GHz
[Jul 30, 2024 13:40:34] com.quantum.system.CPUMonitor run
 	INFO:System CPU Load: 8,01%
[Jul 30, 2024 13:40:34] com.quantum.system.MemoryMonitor run
 	INFO:Total Memory: 124 MB
		Free Memory: 81 MB
		Max Memory: 1944 MB
		Used Memory: 42 MB
[Jul 30, 2024 13:40:35] com.quantum.system.CPUMonitor run
 	INFO:System CPU Load: 8,37%
[Jul 30, 2024 13:40:35] com.quantum.system.MemoryMonitor run
 	INFO:Total Memory: 124 MB
		Free Memory: 81 MB
		Max Memory: 1944 MB
		Used Memory: 42 MB
[Jul 30, 2024 13:40:36] com.quantum.system.CPUMonitor run
 	INFO:System CPU Load: 8,37%
[Jul 30, 2024 13:40:36] com.quantum.system.MemoryMonitor run
 	INFO:Total Memory: 124 MB
		Free Memory: 80 MB
		Max Memory: 1944 MB
		Used Memory: 43 MB
[Jul 30, 2024 13:40:37] com.quantum.system.CPUMonitor run
 	INFO:System CPU Load: 8,37%
[Jul 30, 2024 13:40:37] com.quantum.system.MemoryMonitor run
 	INFO:Total Memory: 124 MB
		Free Memory: 80 MB
		Max Memory: 1944 MB
		Used Memory: 43 MB
[Jul 30, 2024 13:40:38] com.quantum.system.CPUMonitor run
 	INFO:System CPU Load: 8,37%
[Jul 30, 2024 13:40:38] com.quantum.system.MemoryMonitor run
 	INFO:Total Memory: 124 MB
		Free Memory: 80 MB
		Max Memory: 1944 MB
		Used Memory: 43 MB
[Jul 30, 2024 13:40:39] com.quantum.system.CPUMonitor run
 	INFO:System CPU Load: 8,37%
[Jul 30, 2024 13:40:39] com.quantum.system.MemoryMonitor run
 	INFO:Total Memory: 124 MB
		Free Memory: 80 MB
		Max Memory: 1944 MB
		Used Memory: 43 MB
[Jul 30, 2024 13:40:40] com.quantum.system.CPUMonitor run
 	INFO:System CPU Load: 7,70%
[Jul 30, 2024 13:40:40] com.quantum.system.MemoryMonitor run
 	INFO:Total Memory: 124 MB
		Free Memory: 80 MB
		Max Memory: 1944 MB
		Used Memory: 43 MB
[Jul 30, 2024 13:40:41] com.quantum.system.CPUMonitor run
 	INFO:System CPU Load: 7,70%
[Jul 30, 2024 13:40:41] com.quantum.system.MemoryMonitor run
 	INFO:Total Memory: 124 MB
		Free Memory: 80 MB
		Max Memory: 1944 MB
		Used Memory: 43 MB
[Jul 30, 2024 13:40:42] com.quantum.system.CPUMonitor run
 	INFO:System CPU Load: 7,70%
[Jul 30, 2024 13:40:42] com.quantum.system.MemoryMonitor run
 	INFO:Total Memory: 124 MB
		Free Memory: 80 MB
		Max Memory: 1944 MB
		Used Memory: 43 MB
[Jul 30, 2024 13:40:43] com.quantum.system.CPUMonitor run
 	INFO:System CPU Load: 7,70%
[Jul 30, 2024 13:40:43] com.quantum.system.MemoryMonitor run
 	INFO:Total Memory: 124 MB
		Free Memory: 80 MB
		Max Memory: 1944 MB
		Used Memory: 43 MB
[Jul 30, 2024 13:40:44] com.quantum.system.CPUMonitor run
 	INFO:System CPU Load: 7,70%
[Jul 30, 2024 13:40:44] com.quantum.system.MemoryMonitor run
 	INFO:Total Memory: 124 MB
		Free Memory: 80 MB
		Max Memory: 1944 MB
		Used Memory: 43 MB
[Jul 30, 2024 13:40:45] com.quantum.system.CPUMonitor run
 	INFO:System CPU Load: 7,08%
[Jul 30, 2024 13:40:45] com.quantum.system.MemoryMonitor run
 	INFO:Total Memory: 124 MB
		Free Memory: 80 MB
		Max Memory: 1944 MB
		Used Memory: 43 MB
[Jul 30, 2024 13:40:46] com.quantum.system.CPUMonitor run
 	INFO:System CPU Load: 7,08%
[Jul 30, 2024 13:40:46] com.quantum.system.MemoryMonitor run
 	INFO:Total Memory: 124 MB
		Free Memory: 80 MB
		Max Memory: 1944 MB
		Used Memory: 43 MB
[Jul 30, 2024 13:40:47] com.quantum.system.CPUMonitor run
 	INFO:System CPU Load: 7,08%
[Jul 30, 2024 13:40:47] com.quantum.system.MemoryMonitor run
 	INFO:Total Memory: 124 MB
		Free Memory: 80 MB
		Max Memory: 1944 MB
		Used Memory: 43 MB
[Jul 30, 2024 13:40:48] com.quantum.system.CPUMonitor run
 	INFO:System CPU Load: 7,08%
[Jul 30, 2024 13:40:48] com.quantum.system.MemoryMonitor run
 	INFO:Total Memory: 124 MB
		Free Memory: 80 MB
		Max Memory: 1944 MB
		Used Memory: 43 MB
[Jul 30, 2024 13:40:49] com.quantum.system.CPUMonitor run
 	INFO:System CPU Load: 7,08%
[Jul 30, 2024 13:40:49] com.quantum.system.MemoryMonitor run
 	INFO:Total Memory: 124 MB
		Free Memory: 80 MB
		Max Memory: 1944 MB
		Used Memory: 43 MB
[Jul 30, 2024 13:40:50] com.quantum.system.CPUMonitor run
 	INFO:System CPU Load: 6,51%
[Jul 30, 2024 13:40:50] com.quantum.system.MemoryMonitor run
 	INFO:Total Memory: 124 MB
		Free Memory: 80 MB
		Max Memory: 1944 MB
		Used Memory: 43 MB
[Jul 30, 2024 13:40:51] com.quantum.system.CPUMonitor run
 	INFO:System CPU Load: 6,51%
[Jul 30, 2024 13:40:51] com.quantum.system.MemoryMonitor run
 	INFO:Total Memory: 124 MB
		Free Memory: 80 MB
		Max Memory: 1944 MB
		Used Memory: 43 MB
[Jul 30, 2024 13:40:52] com.quantum.system.CPUMonitor run
 	INFO:System CPU Load: 6,51%
[Jul 30, 2024 13:40:52] com.quantum.system.MemoryMonitor run
 	INFO:Total Memory: 124 MB
		Free Memory: 79 MB
		Max Memory: 1944 MB
		Used Memory: 44 MB
[Jul 30, 2024 13:40:53] com.quantum.system.CPUMonitor run
 	INFO:System CPU Load: 6,51%
[Jul 30, 2024 13:40:53] com.quantum.system.MemoryMonitor run
 	INFO:Total Memory: 124 MB
		Free Memory: 79 MB
		Max Memory: 1944 MB
		Used Memory: 44 MB
[Jul 30, 2024 13:40:54] com.quantum.system.CPUMonitor run
 	INFO:System CPU Load: 6,51%
[Jul 30, 2024 13:40:54] com.quantum.system.MemoryMonitor run
 	INFO:Total Memory: 124 MB
		Free Memory: 79 MB
		Max Memory: 1944 MB
		Used Memory: 44 MB
[Jul 30, 2024 13:40:55] com.quantum.system.CPUMonitor run
 	INFO:System CPU Load: 6,99%
[Jul 30, 2024 13:40:55] com.quantum.system.MemoryMonitor run
 	INFO:Total Memory: 124 MB
		Free Memory: 79 MB
		Max Memory: 1944 MB
		Used Memory: 44 MB
[Jul 30, 2024 13:40:56] com.quantum.system.CPUMonitor run
 	INFO:System CPU Load: 6,99%
[Jul 30, 2024 13:40:56] com.quantum.system.MemoryMonitor run
 	INFO:Total Memory: 124 MB
		Free Memory: 79 MB
		Max Memory: 1944 MB
		Used Memory: 44 MB
[Jul 30, 2024 13:40:57] com.quantum.system.CPUMonitor run
 	INFO:System CPU Load: 6,99%
[Jul 30, 2024 13:40:57] com.quantum.system.MemoryMonitor run
 	INFO:Total Memory: 124 MB
		Free Memory: 79 MB
		Max Memory: 1944 MB
		Used Memory: 44 MB
[Jul 30, 2024 13:40:58] com.quantum.system.CPUMonitor run
 	INFO:System CPU Load: 6,99%
[Jul 30, 2024 13:40:58] com.quantum.system.MemoryMonitor run
 	INFO:Total Memory: 124 MB
		Free Memory: 79 MB
		Max Memory: 1944 MB
		Used Memory: 44 MB
[Jul 30, 2024 13:40:59] com.quantum.system.CPUMonitor run
 	INFO:System CPU Load: 6,99%
[Jul 30, 2024 13:40:59] com.quantum.system.MemoryMonitor run
 	INFO:Total Memory: 124 MB
		Free Memory: 79 MB
		Max Memory: 1944 MB
		Used Memory: 44 MB
[Jul 30, 2024 13:41:00] com.quantum.system.CPUMonitor run
 	INFO:System CPU Load: 6,43%
[Jul 30, 2024 13:41:00] com.quantum.system.MemoryMonitor run
 	INFO:Total Memory: 124 MB
		Free Memory: 79 MB
		Max Memory: 1944 MB
		Used Memory: 44 MB
[Jul 30, 2024 13:41:01] com.quantum.system.CPUMonitor run
 	INFO:System CPU Load: 6,43%
[Jul 30, 2024 13:41:01] com.quantum.system.MemoryMonitor run
 	INFO:Total Memory: 124 MB
		Free Memory: 79 MB
		Max Memory: 1944 MB
		Used Memory: 44 MB
[Jul 30, 2024 13:41:02] com.quantum.system.CPUMonitor run
 	INFO:System CPU Load: 6,43%
[Jul 30, 2024 13:41:02] com.quantum.system.MemoryMonitor run
 	INFO:Total Memory: 124 MB
		Free Memory: 79 MB
		Max Memory: 1944 MB
		Used Memory: 44 MB
[Jul 30, 2024 13:41:03] com.quantum.system.CPUMonitor run
 	INFO:System CPU Load: 6,43%
[Jul 30, 2024 13:41:03] com.quantum.system.MemoryMonitor run
 	INFO:Total Memory: 124 MB
		Free Memory: 79 MB
		Max Memory: 1944 MB
		Used Memory: 44 MB
[Jul 30, 2024 13:41:04] com.quantum.system.CPUMonitor run
 	INFO:System CPU Load: 6,43%
[Jul 30, 2024 13:41:04] com.quantum.system.MemoryMonitor run
 	INFO:Total Memory: 124 MB
		Free Memory: 79 MB
		Max Memory: 1944 MB
		Used Memory: 44 MB
